Determining if the pthread_create exist failed with the following output:
Change Dir: /app/lib/redis-plus-plus/build/CMakeFiles/CMakeTmp

Run Build Command:"/usr/bin/make" "cmTC_44033/fast"
/usr/bin/make -f CMakeFiles/cmTC_44033.dir/build.make CMakeFiles/cmTC_44033.dir/build
make[1]: Entering directory '/app/lib/redis-plus-plus/build/CMakeFiles/CMakeTmp'
Building C object CMakeFiles/cmTC_44033.dir/CheckSymbolExists.c.o
/usr/local/bin/gcc    -o CMakeFiles/cmTC_44033.dir/CheckSymbolExists.c.o   -c /app/lib/redis-plus-plus/build/CMakeFiles/CMakeTmp/CheckSymbolExists.c
Linking C executable cmTC_44033
/usr/bin/cmake -E cmake_link_script CMakeFiles/cmTC_44033.dir/link.txt --verbose=1
/usr/local/bin/gcc      -rdynamic CMakeFiles/cmTC_44033.dir/CheckSymbolExists.c.o  -o cmTC_44033 
/usr/bin/ld: CMakeFiles/cmTC_44033.dir/CheckSymbolExists.c.o: in function `main':
CheckSymbolExists.c:(.text+0x16): undefined reference to `pthread_create'
collect2: error: ld returned 1 exit status
make[1]: *** [CMakeFiles/cmTC_44033.dir/build.make:87: cmTC_44033] Error 1
make[1]: Leaving directory '/app/lib/redis-plus-plus/build/CMakeFiles/CMakeTmp'
make: *** [Makefile:121: cmTC_44033/fast] Error 2

File /app/lib/redis-plus-plus/build/CMakeFiles/CMakeTmp/CheckSymbolExists.c:
/* */
#include <pthread.h>

int main(int argc, char** argv)
{
  (void)argv;
#ifndef pthread_create
  return ((int*)(&pthread_create))[argc];
#else
  (void)argc;
  return 0;
#endif
}

Determining if the function pthread_create exists in the pthreads failed with the following output:
Change Dir: /app/lib/redis-plus-plus/build/CMakeFiles/CMakeTmp

Run Build Command:"/usr/bin/make" "cmTC_f685a/fast"
/usr/bin/make -f CMakeFiles/cmTC_f685a.dir/build.make CMakeFiles/cmTC_f685a.dir/build
make[1]: Entering directory '/app/lib/redis-plus-plus/build/CMakeFiles/CMakeTmp'
Building C object CMakeFiles/cmTC_f685a.dir/CheckFunctionExists.c.o
/usr/local/bin/gcc   -DCHECK_FUNCTION_EXISTS=pthread_create   -o CMakeFiles/cmTC_f685a.dir/CheckFunctionExists.c.o   -c /usr/share/cmake-3.13/Modules/CheckFunctionExists.c
Linking C executable cmTC_f685a
/usr/bin/cmake -E cmake_link_script CMakeFiles/cmTC_f685a.dir/link.txt --verbose=1
/usr/local/bin/gcc  -DCHECK_FUNCTION_EXISTS=pthread_create    -rdynamic CMakeFiles/cmTC_f685a.dir/CheckFunctionExists.c.o  -o cmTC_f685a -lpthreads 
/usr/bin/ld: cannot find -lpthreads
collect2: error: ld returned 1 exit status
make[1]: *** [CMakeFiles/cmTC_f685a.dir/build.make:87: cmTC_f685a] Error 1
make[1]: Leaving directory '/app/lib/redis-plus-plus/build/CMakeFiles/CMakeTmp'
make: *** [Makefile:121: cmTC_f685a/fast] Error 2


